<?xml version="1.0" encoding="UTF-8"?>
<!-- Generated by org.testng.reporters.JUnitReportReporter -->
<testsuite hostname="LAPTOP-T22UOKH9" failures="0" tests="1" name="searchpage.SearchSelenium" time="4.486" errors="0" timestamp="16 Aug 2024 19:38:56 GMT" skipped="0">
  <testcase classname="searchpage.SearchSelenium" name="testSearchFunctionality" time="4.486"/>
</testsuite> <!-- searchpage.SearchSelenium -->
